
> @gala-chain/galahack2024@1.1.9 start
> node lib/src/cli.js start --peer.address 127.0.0.1:8581 --chaincode-id-name basic-product:0.0.1 --tls.enabled false


> @gala-chain/galahack2024@1.1.9 start
> node lib/src/cli.js start --peer.address 127.0.0.1:8581 --chaincode-id-name basic-product:0.0.1 --tls.enabled false


> @gala-chain/galahack2024@1.1.9 start
> node lib/src/cli.js start --peer.address 127.0.0.1:8581 --chaincode-id-name basic-product:0.0.1 --tls.enabled false

2024-03-21T15:35:06.076Z [32minfo[39m [c-api:./lib/annotations/object.js]                 @Object args: Target -> %s "Function" 
2024-03-21T15:35:06.078Z [32minfo[39m [c-api:./lib/annotations/transaction.js]            @Transaction args: "Property Key -> GetChaincodeVersion, Commit -> false,","Target ->","GalaContract" 
2024-03-21T15:35:06.087Z [32minfo[39m [c-api:./lib/annotations/transaction.js]            @Transaction args: "Property Key -> GetContractAPI, Commit -> false,","Target ->","GalaContract" 
2024-03-21T15:35:06.088Z [32minfo[39m [c-api:./lib/annotations/object.js]                 @Object args: Target -> %s "Function" 
2024-03-21T15:35:06.098Z [32minfo[39m [c-api:./lib/annotations/transaction.js]            @Transaction args: "Property Key -> GetObjectByKey, Commit -> false,","Target ->","GalaContract" 
2024-03-21T15:35:06.100Z [32minfo[39m [c-api:./lib/annotations/object.js]                 @Object args: Target -> %s "Function" 
2024-03-21T15:35:06.102Z [32minfo[39m [c-api:./lib/annotations/transaction.js]            @Transaction args: "Property Key -> GetObjectHistory, Commit -> false,","Target ->","GalaContract" 
2024-03-21T15:35:06.103Z [32minfo[39m [c-api:./lib/annotations/object.js]                 @Object args: Target -> %s "Function" 
2024-03-21T15:35:06.105Z [32minfo[39m [c-api:./lib/annotations/transaction.js]            @Transaction args: "Property Key -> GetMyProfile, Commit -> false,","Target ->","PublicKeyContract" 
2024-03-21T15:35:06.107Z [32minfo[39m [c-api:./lib/annotations/object.js]                 @Object args: Target -> %s "Function" 
2024-03-21T15:35:06.107Z [32minfo[39m [c-api:./lib/annotations/transaction.js]            @Transaction args: "Property Key -> RegisterUser, Commit -> true,","Target ->","PublicKeyContract" 
2024-03-21T15:35:06.107Z [32minfo[39m [c-api:./lib/annotations/object.js]                 @Object args: Target -> %s "Function" 
2024-03-21T15:35:06.108Z [32minfo[39m [c-api:./lib/annotations/transaction.js]            @Transaction args: "Property Key -> RegisterEthUser, Commit -> true,","Target ->","PublicKeyContract" 
2024-03-21T15:35:06.108Z [32minfo[39m [c-api:./lib/annotations/object.js]                 @Object args: Target -> %s "Function" 
2024-03-21T15:35:06.108Z [32minfo[39m [c-api:./lib/annotations/transaction.js]            @Transaction args: "Property Key -> UpdatePublicKey, Commit -> true,","Target ->","PublicKeyContract" 
2024-03-21T15:35:06.108Z [32minfo[39m [c-api:./lib/annotations/object.js]                 @Object args: Target -> %s "Function" 
2024-03-21T15:35:06.109Z [32minfo[39m [c-api:./lib/annotations/transaction.js]            @Transaction args: "Property Key -> GetPublicKey, Commit -> false,","Target ->","PublicKeyContract" 
2024-03-21T15:35:06.109Z [32minfo[39m [c-api:./lib/annotations/object.js]                 @Object args: Target -> %s "Function" 
2024-03-21T15:35:06.109Z [32minfo[39m [c-api:./lib/annotations/transaction.js]            @Transaction args: "Property Key -> VerifySignature, Commit -> false,","Target ->","PublicKeyContract" 
2024-03-21T15:35:06.109Z [32minfo[39m [c-api:./lib/annotations/info.js]                   @Info args: "Info -> [object Object],","Target ->","PublicKeyContract" 
2024-03-21T15:35:06.127Z [32minfo[39m [c-api:./lib/annotations/object.js]                 @Object args: Target -> %s "Function" 
2024-03-21T15:35:06.128Z [32minfo[39m [c-api:./lib/annotations/transaction.js]            @Transaction args: "Property Key -> PlantTree, Commit -> true,","Target ->","AppleContract" 
2024-03-21T15:35:06.129Z [32minfo[39m [c-api:./lib/annotations/object.js]                 @Object args: Target -> %s "Function" 
2024-03-21T15:35:06.133Z [32minfo[39m [c-api:./lib/annotations/transaction.js]            @Transaction args: "Property Key -> PlantTrees, Commit -> true,","Target ->","AppleContract" 
2024-03-21T15:35:06.134Z [32minfo[39m [c-api:./lib/annotations/object.js]                 @Object args: Target -> %s "Function" 
2024-03-21T15:35:06.138Z [32minfo[39m [c-api:./lib/annotations/transaction.js]            @Transaction args: "Property Key -> FetchTrees, Commit -> false,","Target ->","AppleContract" 
2024-03-21T15:35:06.139Z [32minfo[39m [c-api:./lib/annotations/object.js]                 @Object args: Target -> %s "Function" 
2024-03-21T15:35:06.140Z [32minfo[39m [c-api:./lib/annotations/transaction.js]            @Transaction args: "Property Key -> PickApple, Commit -> true,","Target ->","AppleContract" 
2024-03-21T15:35:06.141Z [32minfo[39m [c-api:./lib/annotations/object.js]                 @Object args: Target -> %s "Function" 
2024-03-21T15:35:06.142Z [32minfo[39m [c-api:./lib/annotations/transaction.js]            @Transaction args: "Property Key -> CreateTokenClass, Commit -> true,","Target ->","GalaChainTokenContract" 
2024-03-21T15:35:06.142Z [32minfo[39m [c-api:./lib/annotations/object.js]                 @Object args: Target -> %s "Function" 
2024-03-21T15:35:06.142Z [32minfo[39m [c-api:./lib/annotations/transaction.js]            @Transaction args: "Property Key -> UpdateTokenClass, Commit -> true,","Target ->","GalaChainTokenContract" 
2024-03-21T15:35:06.142Z [32minfo[39m [c-api:./lib/annotations/object.js]                 @Object args: Target -> %s "Function" 
2024-03-21T15:35:06.143Z [32minfo[39m [c-api:./lib/annotations/transaction.js]            @Transaction args: "Property Key -> FetchTokenClasses, Commit -> false,","Target ->","GalaChainTokenContract" 
2024-03-21T15:35:06.143Z [32minfo[39m [c-api:./lib/annotations/object.js]                 @Object args: Target -> %s "Function" 
2024-03-21T15:35:06.144Z [32minfo[39m [c-api:./lib/annotations/transaction.js]            @Transaction args: "Property Key -> FetchTokenClassesWithPagination, Commit -> false,","Target ->","GalaChainTokenContract" 
2024-03-21T15:35:06.144Z [32minfo[39m [c-api:./lib/annotations/object.js]                 @Object args: Target -> %s "Function" 
2024-03-21T15:35:06.145Z [32minfo[39m [c-api:./lib/annotations/transaction.js]            @Transaction args: "Property Key -> GrantAllowance, Commit -> true,","Target ->","GalaChainTokenContract" 
2024-03-21T15:35:06.146Z [32minfo[39m [c-api:./lib/annotations/object.js]                 @Object args: Target -> %s "Function" 
2024-03-21T15:35:06.149Z [32minfo[39m [c-api:./lib/annotations/transaction.js]            @Transaction args: "Property Key -> RefreshAllowances, Commit -> true,","Target ->","GalaChainTokenContract" 
2024-03-21T15:35:06.149Z [32minfo[39m [c-api:./lib/annotations/object.js]                 @Object args: Target -> %s "Function" 
2024-03-21T15:35:06.150Z [32minfo[39m [c-api:./lib/annotations/transaction.js]            @Transaction args: "Property Key -> FullAllowanceCheck, Commit -> false,","Target ->","GalaChainTokenContract" 
2024-03-21T15:35:06.150Z [32minfo[39m [c-api:./lib/annotations/object.js]                 @Object args: Target -> %s "Function" 
2024-03-21T15:35:06.151Z [32minfo[39m [c-api:./lib/annotations/transaction.js]            @Transaction args: "Property Key -> FetchAllowances, Commit -> false,","Target ->","GalaChainTokenContract" 
2024-03-21T15:35:06.151Z [32minfo[39m [c-api:./lib/annotations/object.js]                 @Object args: Target -> %s "Function" 
2024-03-21T15:35:06.151Z [32minfo[39m [c-api:./lib/annotations/transaction.js]            @Transaction args: "Property Key -> DeleteAllowances, Commit -> true,","Target ->","GalaChainTokenContract" 
2024-03-21T15:35:06.151Z [32minfo[39m [c-api:./lib/annotations/object.js]                 @Object args: Target -> %s "Function" 
2024-03-21T15:35:06.152Z [32minfo[39m [c-api:./lib/annotations/transaction.js]            @Transaction args: "Property Key -> FetchBalances, Commit -> false,","Target ->","GalaChainTokenContract" 
2024-03-21T15:35:06.152Z [32minfo[39m [c-api:./lib/annotations/object.js]                 @Object args: Target -> %s "Function" 
2024-03-21T15:35:06.153Z [32minfo[39m [c-api:./lib/annotations/transaction.js]            @Transaction args: "Property Key -> RequestMint, Commit -> true,","Target ->","GalaChainTokenContract" 
2024-03-21T15:35:06.154Z [32minfo[39m [c-api:./lib/annotations/object.js]                 @Object args: Target -> %s "Function" 
2024-03-21T15:35:06.155Z [32minfo[39m [c-api:./lib/annotations/transaction.js]            @Transaction args: "Property Key -> FulfillMint, Commit -> true,","Target ->","GalaChainTokenContract" 
2024-03-21T15:35:06.159Z [32minfo[39m [c-api:./lib/annotations/object.js]                 @Object args: Target -> %s "Function" 
2024-03-21T15:35:06.160Z [32minfo[39m [c-api:./lib/annotations/transaction.js]            @Transaction args: "Property Key -> HighThroughputMint, Commit -> true,","Target ->","GalaChainTokenContract" 
2024-03-21T15:35:06.160Z [32minfo[39m [c-api:./lib/annotations/object.js]                 @Object args: Target -> %s "Function" 
2024-03-21T15:35:06.161Z [32minfo[39m [c-api:./lib/annotations/transaction.js]            @Transaction args: "Property Key -> FetchMintRequests, Commit -> false,","Target ->","GalaChainTokenContract" 
2024-03-21T15:35:06.161Z [32minfo[39m [c-api:./lib/annotations/object.js]                 @Object args: Target -> %s "Function" 
2024-03-21T15:35:06.162Z [32minfo[39m [c-api:./lib/annotations/transaction.js]            @Transaction args: "Property Key -> MintToken, Commit -> true,","Target ->","GalaChainTokenContract" 
2024-03-21T15:35:06.163Z [32minfo[39m [c-api:./lib/annotations/object.js]                 @Object args: Target -> %s "Function" 
2024-03-21T15:35:06.164Z [32minfo[39m [c-api:./lib/annotations/transaction.js]            @Transaction args: "Property Key -> MintTokenWithAllowance, Commit -> true,","Target ->","GalaChainTokenContract" 
2024-03-21T15:35:06.165Z [32minfo[39m [c-api:./lib/annotations/object.js]                 @Object args: Target -> %s "Function" 
2024-03-21T15:35:06.166Z [32minfo[39m [c-api:./lib/annotations/transaction.js]            @Transaction args: "Property Key -> BatchMintToken, Commit -> true,","Target ->","GalaChainTokenContract" 
2024-03-21T15:35:06.167Z [32minfo[39m [c-api:./lib/annotations/object.js]                 @Object args: Target -> %s "Function" 
2024-03-21T15:35:06.171Z [32minfo[39m [c-api:./lib/annotations/transaction.js]            @Transaction args: "Property Key -> UseToken, Commit -> true,","Target ->","GalaChainTokenContract" 
2024-03-21T15:35:06.172Z [32minfo[39m [c-api:./lib/annotations/object.js]                 @Object args: Target -> %s "Function" 
2024-03-21T15:35:06.173Z [32minfo[39m [c-api:./lib/annotations/transaction.js]            @Transaction args: "Property Key -> ReleaseToken, Commit -> true,","Target ->","GalaChainTokenContract" 
2024-03-21T15:35:06.174Z [32minfo[39m [c-api:./lib/annotations/object.js]                 @Object args: Target -> %s "Function" 
2024-03-21T15:35:06.176Z [32minfo[39m [c-api:./lib/annotations/transaction.js]            @Transaction args: "Property Key -> LockToken, Commit -> true,","Target ->","GalaChainTokenContract" 
2024-03-21T15:35:06.176Z [32minfo[39m [c-api:./lib/annotations/object.js]                 @Object args: Target -> %s "Function" 
2024-03-21T15:35:06.176Z [32minfo[39m [c-api:./lib/annotations/transaction.js]            @Transaction args: "Property Key -> LockTokens, Commit -> true,","Target ->","GalaChainTokenContract" 
2024-03-21T15:35:06.177Z [32minfo[39m [c-api:./lib/annotations/object.js]                 @Object args: Target -> %s "Function" 
2024-03-21T15:35:06.177Z [32minfo[39m [c-api:./lib/annotations/transaction.js]            @Transaction args: "Property Key -> UnlockToken, Commit -> true,","Target ->","GalaChainTokenContract" 
2024-03-21T15:35:06.177Z [32minfo[39m [c-api:./lib/annotations/object.js]                 @Object args: Target -> %s "Function" 
2024-03-21T15:35:06.178Z [32minfo[39m [c-api:./lib/annotations/transaction.js]            @Transaction args: "Property Key -> UnlockTokens, Commit -> true,","Target ->","GalaChainTokenContract" 
2024-03-21T15:35:06.178Z [32minfo[39m [c-api:./lib/annotations/object.js]                 @Object args: Target -> %s "Function" 
2024-03-21T15:35:06.179Z [32minfo[39m [c-api:./lib/annotations/transaction.js]            @Transaction args: "Property Key -> TransferToken, Commit -> true,","Target ->","GalaChainTokenContract" 
2024-03-21T15:35:06.179Z [32minfo[39m [c-api:./lib/annotations/object.js]                 @Object args: Target -> %s "Function" 
2024-03-21T15:35:06.180Z [32minfo[39m [c-api:./lib/annotations/transaction.js]            @Transaction args: "Property Key -> BurnTokens, Commit -> true,","Target ->","GalaChainTokenContract" 
2024-03-21T15:35:06.180Z [32minfo[39m [c-api:./lib/annotations/object.js]                 @Object args: Target -> %s "Function" 
2024-03-21T15:35:06.180Z [32minfo[39m [c-api:./lib/annotations/transaction.js]            @Transaction args: "Property Key -> FetchBurns, Commit -> false,","Target ->","GalaChainTokenContract" 
2024-03-21T15:35:06.181Z [32minfo[39m [c-api:./lib/annotations/info.js]                   @Info args: "Info -> [object Object],","Target ->","GalaChainTokenContract" 
2024-03-21T15:35:06.192Z [32minfo[39m [c-api:contracts-spi/bootstrap.js]                  No metadata file supplied in contract, introspection will generate all the data  
2024-03-21T15:35:06.261Z [32minfo[39m [c-api:lib/chaincode.js]                            Registering with peer 127.0.0.1:8581 as chaincode "basic-product:0.0.1"  
2024-03-21T15:35:06.264Z [32minfo[39m [c-api:fabric-shim/cli]                             Bootstrap process completed  
2024-03-21T15:35:06.270Z [31merror[39m [c-api:lib/handler.js]                             Chat stream with peer - on error: %j "Error: 14 UNAVAILABLE: No connection established. Last error: connect ECONNREFUSED 127.0.0.1:8581 (2024-03-21T15:35:06.268Z)\n    at callErrorFromStatus (/Users/barton/topos/galahack2024/node_modules/@grpc/grpc-js/build/src/call.js:31:19)\n    at Object.onReceiveStatus (/Users/barton/topos/galahack2024/node_modules/@grpc/grpc-js/build/src/client.js:419:73)\n    at Object.onReceiveStatus (/Users/barton/topos/galahack2024/node_modules/@grpc/grpc-js/build/src/client-interceptors.js:323:181)\n    at /Users/barton/topos/galahack2024/node_modules/@grpc/grpc-js/build/src/resolving-call.js:99:78\n    at process.processTicksAndRejections (node:internal/process/task_queues:77:11)\nfor call at\n    at ServiceClientImpl.makeBidiStreamRequest (/Users/barton/topos/galahack2024/node_modules/@grpc/grpc-js/build/src/client.js:403:32)\n    at ServiceClientImpl.<anonymous> (/Users/barton/topos/galahack2024/node_modules/@grpc/grpc-js/build/src/make-client.js:105:19)\n    at /Users/barton/topos/galahack2024/node_modules/dd-trace/packages/datadog-instrumentations/src/grpc/client.js:159:27\n    at run (node:diagnostics_channel:154:14)\n    at AsyncResourceStorage.run (/Users/barton/topos/galahack2024/node_modules/dd-trace/packages/datadog-core/src/storage/async_resource.js:69:14)\n    at node:diagnostics_channel:91:18\n    at Channel.runStores (node:diagnostics_channel:163:12)\n    at callMethod (/Users/barton/topos/galahack2024/node_modules/dd-trace/packages/datadog-instrumentations/src/grpc/client.js:149:23)\n    at ServiceClientImpl.wrapped [as register] (/Users/barton/topos/galahack2024/node_modules/dd-trace/packages/datadog-instrumentations/src/grpc/client.js:96:12)\n    at ChaincodeSupportClient.chat (/Users/barton/topos/galahack2024/node_modules/fabric-shim/lib/handler.js:273:37)" 
